0 verbose cli C:\Program Files\nodejs\node.exe C:\Users\USER\AppData\Roaming\npm\node_modules\npm\bin\npm-cli.js
1 info using npm@10.5.2
2 info using node@v24.11.1
3 timing npm:load:whichnode Completed in 12ms
4 timing config:load:defaults Completed in 8ms
5 timing config:load:file:C:\Users\USER\AppData\Roaming\npm\node_modules\npm\npmrc Completed in 18ms
6 timing config:load:builtin Completed in 18ms
7 timing config:load:cli Completed in 11ms
8 timing config:load:env Completed in 2ms
9 timing config:load:file:C:\Users\USER\Documents\frigate\packages\frigate\.npmrc Completed in 1ms
10 timing config:load:project Completed in 137ms
11 timing config:load:file:C:\Users\USER\.npmrc Completed in 12ms
12 timing config:load:user Completed in 12ms
13 timing config:load:file:C:\Users\USER\AppData\Roaming\npm\etc\npmrc Completed in 9ms
14 timing config:load:global Completed in 9ms
15 timing config:load:setEnvs Completed in 3ms
16 timing config:load Completed in 202ms
17 timing npm:load:configload Completed in 202ms
18 timing config:load:flatten Completed in 7ms
19 timing npm:load:mkdirpcache Completed in 14ms
20 timing npm:load:mkdirplogs Completed in 15ms
21 verbose title npm view frigate-ai-sdk version
22 verbose argv "view" "frigate-ai-sdk" "version" "--cache" ".npm-cache"
23 timing npm:load:setTitle Completed in 19ms
24 timing npm:load:display Completed in 4ms
25 verbose logfile logs-max:10 dir:C:\Users\USER\Documents\frigate\packages\frigate\.npm-cache\_logs\2026-03-27T03_26_36_863Z-
26 verbose logfile C:\Users\USER\Documents\frigate\packages\frigate\.npm-cache\_logs\2026-03-27T03_26_36_863Z-debug-0.log
27 timing npm:load:logFile Completed in 17ms
28 timing npm:load:timers Completed in 0ms
29 timing npm:load:configScope Completed in 0ms
30 timing npm:load Completed in 351ms
31 silly logfile done cleaning log files
32 http fetch GET 404 https://registry.npmjs.org/frigate-ai-sdk 832ms (cache skip)
33 timing command:view Completed in 868ms
34 verbose stack HttpErrorGeneral: 404 Not Found - GET https://registry.npmjs.org/frigate-ai-sdk - Not found
34 verbose stack     at C:\Users\USER\AppData\Roaming\npm\node_modules\npm\node_modules\npm-registry-fetch\lib\check-response.js:95:15
34 verbose stack     at process.processTicksAndRejections (node:internal/process/task_queues:103:5)
34 verbose stack     at async RegistryFetcher.packument (C:\Users\USER\AppData\Roaming\npm\node_modules\npm\node_modules\pacote\lib\registry.js:91:19)
34 verbose stack     at async View.getData (C:\Users\USER\AppData\Roaming\npm\node_modules\npm\lib\commands\view.js:197:20)
34 verbose stack     at async View.exec (C:\Users\USER\AppData\Roaming\npm\node_modules\npm\lib\commands\view.js:105:28)
34 verbose stack     at async module.exports (C:\Users\USER\AppData\Roaming\npm\node_modules\npm\lib\cli-entry.js:61:5)
35 verbose statusCode 404
36 verbose pkgid frigate-ai-sdk@*
37 verbose cwd C:\Users\USER\Documents\frigate\packages\frigate
38 verbose Windows_NT 10.0.26200
39 verbose node v24.11.1
40 verbose npm  v10.5.2
41 error code E404
42 error 404 Not Found - GET https://registry.npmjs.org/frigate-ai-sdk - Not found
43 error 404
44 error 404  'frigate-ai-sdk@*' is not in this registry.
45 error 404
45 error 404 Note that you can also install from a
46 error 404 tarball, folder, http url, or git url.
47 verbose exit 1
48 timing npm Completed in 4129ms
49 verbose code 1
50 error A complete log of this run can be found in: C:\Users\USER\Documents\frigate\packages\frigate\.npm-cache\_logs\2026-03-27T03_26_36_863Z-debug-0.log
