0 verbose cli C:\Program Files\nodejs\node.exe C:\Users\USER\AppData\Roaming\npm\node_modules\npm\bin\npm-cli.js
1 info using npm@10.5.2
2 info using node@v24.11.1
3 timing npm:load:whichnode Completed in 3ms
4 timing config:load:defaults Completed in 3ms
5 timing config:load:file:C:\Users\USER\AppData\Roaming\npm\node_modules\npm\npmrc Completed in 4ms
6 timing config:load:builtin Completed in 5ms
7 timing config:load:cli Completed in 6ms
8 timing config:load:env Completed in 2ms
9 timing config:load:file:C:\Users\USER\Documents\frigate\packages\frigate\.npmrc Completed in 0ms
10 timing config:load:project Completed in 103ms
11 timing config:load:file:C:\Users\USER\.npmrc Completed in 1ms
12 timing config:load:user Completed in 1ms
13 timing config:load:file:C:\Users\USER\AppData\Roaming\npm\etc\npmrc Completed in 0ms
14 timing config:load:global Completed in 0ms
15 timing config:load:setEnvs Completed in 2ms
16 timing config:load Completed in 125ms
17 timing npm:load:configload Completed in 127ms
18 timing config:load:flatten Completed in 4ms
19 timing npm:load:mkdirpcache Completed in 3ms
20 timing npm:load:mkdirplogs Completed in 2ms
21 verbose title npm whoami
22 verbose argv "whoami" "--cache" ".npm-cache"
23 timing npm:load:setTitle Completed in 2ms
24 timing npm:load:display Completed in 2ms
25 verbose logfile logs-max:10 dir:C:\Users\USER\Documents\frigate\packages\frigate\.npm-cache\_logs\2026-03-27T03_36_58_879Z-
26 verbose logfile C:\Users\USER\Documents\frigate\packages\frigate\.npm-cache\_logs\2026-03-27T03_36_58_879Z-debug-0.log
27 timing npm:load:logFile Completed in 10ms
28 timing npm:load:timers Completed in 0ms
29 timing npm:load:configScope Completed in 1ms
30 timing npm:load Completed in 203ms
31 silly logfile start cleaning logs, removing 1 files
32 silly logfile done cleaning log files
33 http fetch GET 200 https://registry.npmjs.org/-/whoami 785ms (cache miss)
34 timing command:whoami Completed in 789ms
35 verbose exit 0
36 timing npm Completed in 1661ms
37 info ok
