0 verbose cli C:\Program Files\nodejs\node.exe C:\Users\USER\AppData\Roaming\npm\node_modules\npm\bin\npm-cli.js
1 info using npm@10.5.2
2 info using node@v24.11.1
3 timing npm:load:whichnode Completed in 2ms
4 timing config:load:defaults Completed in 2ms
5 timing config:load:file:C:\Users\USER\AppData\Roaming\npm\node_modules\npm\npmrc Completed in 2ms
6 timing config:load:builtin Completed in 2ms
7 timing config:load:cli Completed in 3ms
8 timing config:load:env Completed in 1ms
9 timing config:load:file:C:\Users\USER\Documents\frigate\packages\frigate\.npmrc Completed in 0ms
10 timing config:load:project Completed in 44ms
11 timing config:load:file:C:\Users\USER\.npmrc Completed in 1ms
12 timing config:load:user Completed in 1ms
13 timing config:load:file:C:\Users\USER\AppData\Roaming\npm\etc\npmrc Completed in 0ms
14 timing config:load:global Completed in 0ms
15 timing config:load:setEnvs Completed in 1ms
16 timing config:load Completed in 54ms
17 timing npm:load:configload Completed in 54ms
18 timing config:load:flatten Completed in 2ms
19 timing npm:load:mkdirpcache Completed in 1ms
20 timing npm:load:mkdirplogs Completed in 1ms
21 verbose title npm publish
22 verbose argv "publish" "--access" "public" "--cache" ".npm-cache"
23 timing npm:load:setTitle Completed in 1ms
24 timing npm:load:display Completed in 0ms
25 verbose logfile logs-max:10 dir:C:\Users\USER\Documents\frigate\packages\frigate\.npm-cache\_logs\2026-03-27T03_37_11_602Z-
26 verbose logfile C:\Users\USER\Documents\frigate\packages\frigate\.npm-cache\_logs\2026-03-27T03_37_11_602Z-debug-0.log
27 timing npm:load:logFile Completed in 5ms
28 timing npm:load:timers Completed in 0ms
29 timing npm:load:configScope Completed in 0ms
30 timing npm:load Completed in 81ms
31 verbose publish [ '.' ]
32 silly logfile start cleaning logs, removing 1 files
33 silly logfile done cleaning log files
34 timing arborist:ctor Completed in 1ms
35 warn publish npm auto-corrected some errors in your package.json when publishing.  Please run "npm pkg fix" to address these errors.
36 warn publish errors corrected:
36 warn publish Removed invalid "scripts"
36 warn publish "bin[frigate]" script name was cleaned
37 notice
38 notice package: frigate-sdk@0.1.0
39 notice === Tarball Contents ===
40 notice 1.1kB README.md     
40 notice 614B  package.json  
40 notice 4.3kB src/cli.js    
40 notice 4.7kB src/index.d.ts
40 notice 3.9kB src/index.js  
41 notice === Tarball Details ===
42 notice name:          frigate-sdk                             
42 notice version:       0.1.0                                   
42 notice filename:      frigate-sdk-0.1.0.tgz                   
42 notice package size:  4.4 kB                                  
42 notice unpacked size: 14.6 kB                                 
42 notice shasum:        fa74fc2c2d35a42164b8879cf30a7a8413af6b05
42 notice integrity:     sha512-Nlz8KEFy39LEp[...]5Jq9uj1TCCimA==
42 notice total files:   5                                       
43 notice
44 notice Publishing to https://registry.npmjs.org/ with tag latest and public access
45 http fetch PUT 200 https://registry.npmjs.org/frigate-sdk 2377ms
46 timing command:publish Completed in 2452ms
47 verbose exit 0
48 timing npm Completed in 3186ms
49 info ok
