0 verbose cli C:\Program Files\nodejs\node.exe C:\Users\USER\AppData\Roaming\npm\node_modules\npm\bin\npm-cli.js
1 info using npm@10.5.2
2 info using node@v24.11.1
3 timing npm:load:whichnode Completed in 2ms
4 timing config:load:defaults Completed in 2ms
5 timing config:load:file:C:\Users\USER\AppData\Roaming\npm\node_modules\npm\npmrc Completed in 2ms
6 timing config:load:builtin Completed in 2ms
7 timing config:load:cli Completed in 3ms
8 timing config:load:env Completed in 1ms
9 timing config:load:file:C:\Users\USER\Documents\frigate\packages\frigate\.npmrc Completed in 0ms
10 timing config:load:project Completed in 44ms
11 timing config:load:file:C:\Users\USER\.npmrc Completed in 1ms
12 timing config:load:user Completed in 1ms
13 timing config:load:file:C:\Users\USER\AppData\Roaming\npm\etc\npmrc Completed in 1ms
14 timing config:load:global Completed in 1ms
15 timing config:load:setEnvs Completed in 1ms
16 timing config:load Completed in 55ms
17 timing npm:load:configload Completed in 56ms
18 timing config:load:flatten Completed in 2ms
19 timing npm:load:mkdirpcache Completed in 2ms
20 timing npm:load:mkdirplogs Completed in 1ms
21 verbose title npm whoami
22 verbose argv "whoami" "--cache" ".npm-cache"
23 timing npm:load:setTitle Completed in 1ms
24 timing npm:load:display Completed in 1ms
25 verbose logfile logs-max:10 dir:C:\Users\USER\Documents\frigate\packages\frigate\.npm-cache\_logs\2026-03-27T03_28_50_019Z-
26 verbose logfile C:\Users\USER\Documents\frigate\packages\frigate\.npm-cache\_logs\2026-03-27T03_28_50_019Z-debug-0.log
27 timing npm:load:logFile Completed in 5ms
28 timing npm:load:timers Completed in 1ms
29 timing npm:load:configScope Completed in 0ms
30 timing npm:load Completed in 89ms
31 silly logfile done cleaning log files
32 http fetch GET 401 https://registry.npmjs.org/-/whoami 997ms (cache skip)
33 timing command:whoami Completed in 999ms
34 verbose stack HttpErrorGeneral: 401 Unauthorized - GET https://registry.npmjs.org/-/whoami
34 verbose stack     at C:\Users\USER\AppData\Roaming\npm\node_modules\npm\node_modules\npm-registry-fetch\lib\check-response.js:95:15
34 verbose stack     at process.processTicksAndRejections (node:internal/process/task_queues:103:5)
34 verbose stack     at async module.exports (C:\Users\USER\AppData\Roaming\npm\node_modules\npm\lib\utils\get-identity.js:14:26)
34 verbose stack     at async Whoami.exec (C:\Users\USER\AppData\Roaming\npm\node_modules\npm\lib\commands\whoami.js:10:22)
34 verbose stack     at async module.exports (C:\Users\USER\AppData\Roaming\npm\node_modules\npm\lib\cli-entry.js:61:5)
35 verbose statusCode 401
36 verbose cwd C:\Users\USER\Documents\frigate\packages\frigate
37 verbose Windows_NT 10.0.26200
38 verbose node v24.11.1
39 verbose npm  v10.5.2
40 error code E401
41 error 401 Unauthorized - GET https://registry.npmjs.org/-/whoami
42 verbose exit 1
43 timing npm Completed in 1332ms
44 verbose code 1
45 error A complete log of this run can be found in: C:\Users\USER\Documents\frigate\packages\frigate\.npm-cache\_logs\2026-03-27T03_28_50_019Z-debug-0.log
